<?xml version="1.0" encoding="UTF-8"?>
<!-- Generated by org.testng.reporters.JUnitReportReporter -->
<testsuite hostname="DESKTOP-7HIBRA7" failures="0" tests="2" name="runnertestng.loginTestNG" time="33.511" errors="0" timestamp="2024-08-05T18:35:48 IST" skipped="0">
  <testcase classname="runnertestng.loginTestNG" name="runScenario" time="33.510"/>
  <testcase classname="runnertestng.loginTestNG" name="runCukes" time="0.001"/>
</testsuite> <!-- runnertestng.loginTestNG -->
